<?xml version="1.0" encoding="UTF-8"?>
<testsuite xmlns:xsi="http://www.w3.org/2001/XMLSchema-instance" xsi:noNamespaceSchemaLocation="https://maven.apache.org/surefire/maven-surefire-plugin/xsd/surefire-test-report-3.0.xsd" version="3.0" name="com.apiGateWay.ApiGatewayApplicationTests" time="12.0" tests="1" errors="0" skipped="0" failures="0">
  <properties>
[...]
</properties>
  <testcase name="contextLoads" classname="com.apiGateWay.ApiGatewayApplicationTests" time="2.886">
    <system-out><![CDATA[16:25:34.590 [main] INFO org.springframework.test.context.support.AnnotationConfigContextLoaderUtils -- Could not detect default configuration classes for test class [com.apiGateWay.ApiGatewayApplicationTests]: ApiGatewayApplicationTests does not declare any static, non-private, non-final, nested classes annotated with @Configuration.
16:25:34.777 [main] INFO org.springframework.boot.test.context.SpringBootTestContextBootstrapper -- Found @SpringBootConfiguration com.apiGateWay.ApiGatewayApplication for test class com.apiGateWay.ApiGatewayApplicationTests

  .   ____          _            __ _ _
 /\\ / ___'_ __ _ _(_)_ __  __ _ \ \ \ \
( ( )\___ | '_ | '_| | '_ \/ _` | \ \ \ \
 \\/  ___)| |_)| | | | | || (_| |  ) ) ) )
  '  |____| .__|_| |_|_| |_\__, | / / / /
 =========|_|==============|___/=/_/_/_/

 :: Spring Boot ::                (v3.3.5)

2025-12-07T16:25:35.864+05:30  INFO 25116 --- [API-GATEWAY] [           main] c.apiGateWay.ApiGatewayApplicationTests  : Starting ApiGatewayApplicationTests using Java 22.0.2 with PID 25116 (started by biswa in C:\Users\biswa\OneDrive\Desktop\MICROSERVICE\API-GATEWAY)
2025-12-07T16:25:35.866+05:30  INFO 25116 --- [API-GATEWAY] [           main] c.apiGateWay.ApiGatewayApplicationTests  : No active profile set, falling back to 1 default profile: "default"
2025-12-07T16:25:37.549+05:30  INFO 25116 --- [API-GATEWAY] [           main] o.s.cloud.context.scope.GenericScope     : BeanFactory id=1f5eea79-db43-34c2-92c3-5688089b6b07
2025-12-07T16:25:37.724+05:30  WARN 25116 --- [API-GATEWAY] [           main] trationDelegate$BeanPostProcessorChecker : Bean 'org.springframework.cloud.client.loadbalancer.LoadBalancerAutoConfiguration$DeferringLoadBalancerInterceptorConfig' of type [org.springframework.cloud.client.loadbalancer.LoadBalancerAutoConfiguration$DeferringLoadBalancerInterceptorConfig] is not eligible for getting processed by all BeanPostProcessors (for example: not eligible for auto-proxying). The currently created BeanPostProcessor [lbRestClientPostProcessor] is declared through a non-static factory method on that class; consider declaring it as static instead.
2025-12-07T16:25:37.729+05:30  WARN 25116 --- [API-GATEWAY] [           main] trationDelegate$BeanPostProcessorChecker : Bean 'deferringLoadBalancerInterceptor' of type [org.springframework.cloud.client.loadbalancer.DeferringLoadBalancerInterceptor] is not eligible for getting processed by all BeanPostProcessors (for example: not eligible for auto-proxying). Is this bean getting eagerly injected/applied to a currently created BeanPostProcessor [lbRestClientPostProcessor]? Check the corresponding BeanPostProcessor declaration and its dependencies/advisors. If this bean does not have to be post-processed, declare it with ROLE_INFRASTRUCTURE.
2025-12-07T16:25:37.732+05:30  WARN 25116 --- [API-GATEWAY] [           main] trationDelegate$BeanPostProcessorChecker : Bean 'org.springframework.cloud.client.loadbalancer.reactive.LoadBalancerBeanPostProcessorAutoConfiguration' of type [org.springframework.cloud.client.loadbalancer.reactive.LoadBalancerBeanPostProcessorAutoConfiguration] is not eligible for getting processed by all BeanPostProcessors (for example: not eligible for auto-proxying). The currently created BeanPostProcessor [loadBalancerWebClientBuilderBeanPostProcessor] is declared through a non-static factory method on that class; consider declaring it as static instead.
2025-12-07T16:25:37.733+05:30  WARN 25116 --- [API-GATEWAY] [           main] trationDelegate$BeanPostProcessorChecker : Bean 'org.springframework.cloud.client.loadbalancer.reactive.LoadBalancerBeanPostProcessorAutoConfiguration$ReactorDeferringLoadBalancerFilterConfig' of type [org.springframework.cloud.client.loadbalancer.reactive.LoadBalancerBeanPostProcessorAutoConfiguration$ReactorDeferringLoadBalancerFilterConfig] is not eligible for getting processed by all BeanPostProcessors (for example: not eligible for auto-proxying). Is this bean getting eagerly injected/applied to a currently created BeanPostProcessor [loadBalancerWebClientBuilderBeanPostProcessor]? Check the corresponding BeanPostProcessor declaration and its dependencies/advisors. If this bean does not have to be post-processed, declare it with ROLE_INFRASTRUCTURE.
2025-12-07T16:25:37.736+05:30  WARN 25116 --- [API-GATEWAY] [           main] trationDelegate$BeanPostProcessorChecker : Bean 'reactorDeferringLoadBalancerExchangeFilterFunction' of type [org.springframework.cloud.client.loadbalancer.reactive.DeferringLoadBalancerExchangeFilterFunction] is not eligible for getting processed by all BeanPostProcessors (for example: not eligible for auto-proxying). Is this bean getting eagerly injected/applied to a currently created BeanPostProcessor [loadBalancerWebClientBuilderBeanPostProcessor]? Check the corresponding BeanPostProcessor declaration and its dependencies/advisors. If this bean does not have to be post-processed, declare it with ROLE_INFRASTRUCTURE.
2025-12-07T16:25:39.587+05:30 DEBUG 25116 --- [API-GATEWAY] [           main] o.s.c.gateway.config.GatewayProperties   : Routes supplied from Gateway Properties: [RouteDefinition{id='AUTH-SERVICE', predicates=[PredicateDefinition{name='Path', args={_genkey_0=/auth/**}}], filters=[], uri=lb://AUTH-SERVICE, order=0, metadata={}}, RouteDefinition{id='NOTIFICATION-SERVICE', predicates=[PredicateDefinition{name='Path', args={_genkey_0=/notification/**}}], filters=[], uri=lb://NOTIFICATION-SERVICE, order=0, metadata={}}, RouteDefinition{id='INVENTORY-SERVICE', predicates=[PredicateDefinition{name='Path', args={_genkey_0=/inventory/**}}], filters=[FilterDefinition{name='AuthFilter', args={}}], uri=lb://INVENTORY-SERVICE, order=0, metadata={}}]
2025-12-07T16:25:40.032+05:30  INFO 25116 --- [API-GATEWAY] [           main] o.s.c.g.r.RouteDefinitionRouteLocator    : Loaded RoutePredicateFactory [After]
2025-12-07T16:25:40.033+05:30  INFO 25116 --- [API-GATEWAY] [           main] o.s.c.g.r.RouteDefinitionRouteLocator    : Loaded RoutePredicateFactory [Before]
2025-12-07T16:25:40.034+05:30  INFO 25116 --- [API-GATEWAY] [           main] o.s.c.g.r.RouteDefinitionRouteLocator    : Loaded RoutePredicateFactory [Between]
2025-12-07T16:25:40.034+05:30  INFO 25116 --- [API-GATEWAY] [           main] o.s.c.g.r.RouteDefinitionRouteLocator    : Loaded RoutePredicateFactory [Cookie]
2025-12-07T16:25:40.035+05:30  INFO 25116 --- [API-GATEWAY] [           main] o.s.c.g.r.RouteDefinitionRouteLocator    : Loaded RoutePredicateFactory [Header]
2025-12-07T16:25:40.036+05:30  INFO 25116 --- [API-GATEWAY] [           main] o.s.c.g.r.RouteDefinitionRouteLocator    : Loaded RoutePredicateFactory [Host]
2025-12-07T16:25:40.036+05:30  INFO 25116 --- [API-GATEWAY] [           main] o.s.c.g.r.RouteDefinitionRouteLocator    : Loaded RoutePredicateFactory [Method]
2025-12-07T16:25:40.037+05:30  INFO 25116 --- [API-GATEWAY] [           main] o.s.c.g.r.RouteDefinitionRouteLocator    : Loaded RoutePredicateFactory [Path]
2025-12-07T16:25:40.037+05:30  INFO 25116 --- [API-GATEWAY] [           main] o.s.c.g.r.RouteDefinitionRouteLocator    : Loaded RoutePredicateFactory [Query]
2025-12-07T16:25:40.037+05:30  INFO 25116 --- [API-GATEWAY] [           main] o.s.c.g.r.RouteDefinitionRouteLocator    : Loaded RoutePredicateFactory [ReadBody]
2025-12-07T16:25:40.038+05:30  INFO 25116 --- [API-GATEWAY] [           main] o.s.c.g.r.RouteDefinitionRouteLocator    : Loaded RoutePredicateFactory [RemoteAddr]
2025-12-07T16:25:40.038+05:30  INFO 25116 --- [API-GATEWAY] [           main] o.s.c.g.r.RouteDefinitionRouteLocator    : Loaded RoutePredicateFactory [XForwardedRemoteAddr]
2025-12-07T16:25:40.039+05:30  INFO 25116 --- [API-GATEWAY] [           main] o.s.c.g.r.RouteDefinitionRouteLocator    : Loaded RoutePredicateFactory [Weight]
2025-12-07T16:25:40.039+05:30  INFO 25116 --- [API-GATEWAY] [           main] o.s.c.g.r.RouteDefinitionRouteLocator    : Loaded RoutePredicateFactory [CloudFoundryRouteService]
2025-12-07T16:25:40.334+05:30 DEBUG 25116 --- [API-GATEWAY] [           main] o.s.w.r.handler.SimpleUrlHandlerMapping  : Patterns [/webjars/**, /**] in 'resourceHandlerMapping'
2025-12-07T16:25:40.482+05:30 DEBUG 25116 --- [API-GATEWAY] [           main] o.s.w.r.r.m.a.ControllerMethodResolver   : ControllerAdvice beans: 0 @ModelAttribute, 0 @InitBinder, 1 @ExceptionHandler
2025-12-07T16:25:41.056+05:30  INFO 25116 --- [API-GATEWAY] [           main] DiscoveryClientOptionalArgsConfiguration : Eureka HTTP Client uses RestTemplate.
2025-12-07T16:25:41.149+05:30  WARN 25116 --- [API-GATEWAY] [           main] iguration$LoadBalancerCaffeineWarnLogger : Spring Cloud LoadBalancer is currently working with the default cache. While this cache implementation is useful for development and tests, it's recommended to use Caffeine cache in production.You can switch to using Caffeine cache, by adding it and org.springframework.cache.caffeine.CaffeineCacheManager to the classpath.
2025-12-07T16:25:41.263+05:30  INFO 25116 --- [API-GATEWAY] [           main] o.s.c.n.eureka.InstanceInfoFactory       : Setting initial instance status as: STARTING
2025-12-07T16:25:41.329+05:30  INFO 25116 --- [API-GATEWAY] [           main] com.netflix.discovery.DiscoveryClient    : Initializing Eureka in region us-east-1
2025-12-07T16:25:41.344+05:30  INFO 25116 --- [API-GATEWAY] [           main] c.n.d.s.r.aws.ConfigClusterResolver      : Resolving eureka endpoints via configuration
2025-12-07T16:25:41.372+05:30  INFO 25116 --- [API-GATEWAY] [           main] com.netflix.discovery.DiscoveryClient    : Disable delta property : false
2025-12-07T16:25:41.373+05:30  INFO 25116 --- [API-GATEWAY] [           main] com.netflix.discovery.DiscoveryClient    : Single vip registry refresh property : null
2025-12-07T16:25:41.373+05:30  INFO 25116 --- [API-GATEWAY] [           main] com.netflix.discovery.DiscoveryClient    : Force full registry fetch : false
2025-12-07T16:25:41.373+05:30  INFO 25116 --- [API-GATEWAY] [           main] com.netflix.discovery.DiscoveryClient    : Application is null : false
2025-12-07T16:25:41.374+05:30  INFO 25116 --- [API-GATEWAY] [           main] com.netflix.discovery.DiscoveryClient    : Registered Applications size is zero : true
2025-12-07T16:25:41.374+05:30  INFO 25116 --- [API-GATEWAY] [           main] com.netflix.discovery.DiscoveryClient    : Application version is -1: true
2025-12-07T16:25:41.374+05:30  INFO 25116 --- [API-GATEWAY] [           main] com.netflix.discovery.DiscoveryClient    : Getting all instance registry info from the eureka server
2025-12-07T16:25:42.865+05:30  INFO 25116 --- [API-GATEWAY] [           main] com.netflix.discovery.DiscoveryClient    : The response status is 200
2025-12-07T16:25:42.871+05:30  INFO 25116 --- [API-GATEWAY] [           main] com.netflix.discovery.DiscoveryClient    : Starting heartbeat executor: renew interval is: 30
2025-12-07T16:25:42.875+05:30  INFO 25116 --- [API-GATEWAY] [           main] c.n.discovery.InstanceInfoReplicator     : InstanceInfoReplicator onDemand update allowed rate per min is 4
2025-12-07T16:25:42.881+05:30  INFO 25116 --- [API-GATEWAY] [           main] com.netflix.discovery.DiscoveryClient    : Discovery Client initialized at timestamp 1765104942878 with initial instances count: 3
2025-12-07T16:25:42.889+05:30  INFO 25116 --- [API-GATEWAY] [           main] o.s.c.n.e.s.EurekaServiceRegistry        : Registering application API-GATEWAY with eureka with status UP
2025-12-07T16:25:42.892+05:30  INFO 25116 --- [API-GATEWAY] [           main] com.netflix.discovery.DiscoveryClient    : Saw local status change event StatusChangeEvent [timestamp=1765104942892, current=UP, previous=STARTING]
2025-12-07T16:25:42.898+05:30  INFO 25116 --- [API-GATEWAY] [foReplicator-%d] com.netflix.discovery.DiscoveryClient    : DiscoveryClient_API-GATEWAY/DESKTOP-56M4D42:API-GATEWAY:9090: registering service...
2025-12-07T16:25:43.077+05:30 DEBUG 25116 --- [API-GATEWAY] [           main] o.s.c.g.r.RouteDefinitionRouteLocator    : RouteDefinition ReactiveCompositeDiscoveryClient_API-GATEWAY applying {pattern=/api-gateway/**} to Path
2025-12-07T16:25:43.144+05:30 DEBUG 25116 --- [API-GATEWAY] [           main] o.s.c.g.r.RouteDefinitionRouteLocator    : RouteDefinition ReactiveCompositeDiscoveryClient_API-GATEWAY applying filter {regexp=/api-gateway/?(?<remaining>.*), replacement=/${remaining}} to RewritePath
2025-12-07T16:25:43.157+05:30  INFO 25116 --- [API-GATEWAY] [foReplicator-%d] com.netflix.discovery.DiscoveryClient    : DiscoveryClient_API-GATEWAY/DESKTOP-56M4D42:API-GATEWAY:9090 - registration status: 204
2025-12-07T16:25:43.174+05:30 DEBUG 25116 --- [API-GATEWAY] [           main] o.s.c.g.r.RouteDefinitionRouteLocator    : RouteDefinition matched: ReactiveCompositeDiscoveryClient_API-GATEWAY
2025-12-07T16:25:43.176+05:30 DEBUG 25116 --- [API-GATEWAY] [           main] o.s.c.g.r.RouteDefinitionRouteLocator    : RouteDefinition ReactiveCompositeDiscoveryClient_AUTH-SERVICE applying {pattern=/auth-service/**} to Path
2025-12-07T16:25:43.178+05:30 DEBUG 25116 --- [API-GATEWAY] [           main] o.s.c.g.r.RouteDefinitionRouteLocator    : RouteDefinition ReactiveCompositeDiscoveryClient_AUTH-SERVICE applying filter {regexp=/auth-service/?(?<remaining>.*), replacement=/${remaining}} to RewritePath
2025-12-07T16:25:43.182+05:30 DEBUG 25116 --- [API-GATEWAY] [           main] o.s.c.g.r.RouteDefinitionRouteLocator    : RouteDefinition matched: ReactiveCompositeDiscoveryClient_AUTH-SERVICE
2025-12-07T16:25:43.185+05:30 DEBUG 25116 --- [API-GATEWAY] [           main] o.s.c.g.r.RouteDefinitionRouteLocator    : RouteDefinition ReactiveCompositeDiscoveryClient_INVENTORY-SERVICE applying {pattern=/inventory-service/**} to Path
2025-12-07T16:25:43.196+05:30 DEBUG 25116 --- [API-GATEWAY] [           main] o.s.c.g.r.RouteDefinitionRouteLocator    : RouteDefinition ReactiveCompositeDiscoveryClient_INVENTORY-SERVICE applying filter {regexp=/inventory-service/?(?<remaining>.*), replacement=/${remaining}} to RewritePath
2025-12-07T16:25:43.199+05:30 DEBUG 25116 --- [API-GATEWAY] [           main] o.s.c.g.r.RouteDefinitionRouteLocator    : RouteDefinition matched: ReactiveCompositeDiscoveryClient_INVENTORY-SERVICE
2025-12-07T16:25:43.200+05:30 DEBUG 25116 --- [API-GATEWAY] [           main] o.s.c.g.r.RouteDefinitionRouteLocator    : RouteDefinition AUTH-SERVICE applying {_genkey_0=/auth/**} to Path
2025-12-07T16:25:43.203+05:30 DEBUG 25116 --- [API-GATEWAY] [           main] o.s.c.g.r.RouteDefinitionRouteLocator    : RouteDefinition matched: AUTH-SERVICE
2025-12-07T16:25:43.203+05:30 DEBUG 25116 --- [API-GATEWAY] [           main] o.s.c.g.r.RouteDefinitionRouteLocator    : RouteDefinition NOTIFICATION-SERVICE applying {_genkey_0=/notification/**} to Path
2025-12-07T16:25:43.206+05:30 DEBUG 25116 --- [API-GATEWAY] [           main] o.s.c.g.r.RouteDefinitionRouteLocator    : RouteDefinition matched: NOTIFICATION-SERVICE
2025-12-07T16:25:43.206+05:30 DEBUG 25116 --- [API-GATEWAY] [           main] o.s.c.g.r.RouteDefinitionRouteLocator    : RouteDefinition INVENTORY-SERVICE applying {_genkey_0=/inventory/**} to Path
2025-12-07T16:25:43.212+05:30 DEBUG 25116 --- [API-GATEWAY] [           main] o.s.c.g.r.RouteDefinitionRouteLocator    : RouteDefinition INVENTORY-SERVICE applying filter {} to AuthFilter
2025-12-07T16:25:43.219+05:30 DEBUG 25116 --- [API-GATEWAY] [           main] o.s.c.g.r.RouteDefinitionRouteLocator    : RouteDefinition matched: INVENTORY-SERVICE
2025-12-07T16:25:43.296+05:30 DEBUG 25116 --- [API-GATEWAY] [           main] o.s.c.g.r.RouteDefinitionRouteLocator    : RouteDefinition ReactiveCompositeDiscoveryClient_API-GATEWAY applying {pattern=/api-gateway/**} to Path
2025-12-07T16:25:43.319+05:30 DEBUG 25116 --- [API-GATEWAY] [           main] o.s.c.g.r.RouteDefinitionRouteLocator    : RouteDefinition ReactiveCompositeDiscoveryClient_API-GATEWAY applying filter {regexp=/api-gateway/?(?<remaining>.*), replacement=/${remaining}} to RewritePath
2025-12-07T16:25:43.322+05:30 DEBUG 25116 --- [API-GATEWAY] [           main] o.s.c.g.r.RouteDefinitionRouteLocator    : RouteDefinition matched: ReactiveCompositeDiscoveryClient_API-GATEWAY
2025-12-07T16:25:43.327+05:30 DEBUG 25116 --- [API-GATEWAY] [           main] o.s.c.g.r.RouteDefinitionRouteLocator    : RouteDefinition ReactiveCompositeDiscoveryClient_AUTH-SERVICE applying {pattern=/auth-service/**} to Path
2025-12-07T16:25:43.333+05:30 DEBUG 25116 --- [API-GATEWAY] [           main] o.s.c.g.r.RouteDefinitionRouteLocator    : RouteDefinition ReactiveCompositeDiscoveryClient_AUTH-SERVICE applying filter {regexp=/auth-service/?(?<remaining>.*), replacement=/${remaining}} to RewritePath
2025-12-07T16:25:43.337+05:30 DEBUG 25116 --- [API-GATEWAY] [           main] o.s.c.g.r.RouteDefinitionRouteLocator    : RouteDefinition matched: ReactiveCompositeDiscoveryClient_AUTH-SERVICE
2025-12-07T16:25:43.338+05:30 DEBUG 25116 --- [API-GATEWAY] [           main] o.s.c.g.r.RouteDefinitionRouteLocator    : RouteDefinition ReactiveCompositeDiscoveryClient_INVENTORY-SERVICE applying {pattern=/inventory-service/**} to Path
2025-12-07T16:25:43.342+05:30 DEBUG 25116 --- [API-GATEWAY] [           main] o.s.c.g.r.RouteDefinitionRouteLocator    : RouteDefinition ReactiveCompositeDiscoveryClient_INVENTORY-SERVICE applying filter {regexp=/inventory-service/?(?<remaining>.*), replacement=/${remaining}} to RewritePath
2025-12-07T16:25:43.346+05:30 DEBUG 25116 --- [API-GATEWAY] [           main] o.s.c.g.r.RouteDefinitionRouteLocator    : RouteDefinition matched: ReactiveCompositeDiscoveryClient_INVENTORY-SERVICE
2025-12-07T16:25:43.347+05:30 DEBUG 25116 --- [API-GATEWAY] [           main] o.s.c.g.r.RouteDefinitionRouteLocator    : RouteDefinition AUTH-SERVICE applying {_genkey_0=/auth/**} to Path
2025-12-07T16:25:43.350+05:30 DEBUG 25116 --- [API-GATEWAY] [           main] o.s.c.g.r.RouteDefinitionRouteLocator    : RouteDefinition matched: AUTH-SERVICE
2025-12-07T16:25:43.350+05:30 DEBUG 25116 --- [API-GATEWAY] [           main] o.s.c.g.r.RouteDefinitionRouteLocator    : RouteDefinition NOTIFICATION-SERVICE applying {_genkey_0=/notification/**} to Path
2025-12-07T16:25:43.352+05:30 DEBUG 25116 --- [API-GATEWAY] [           main] o.s.c.g.r.RouteDefinitionRouteLocator    : RouteDefinition matched: NOTIFICATION-SERVICE
2025-12-07T16:25:43.353+05:30 DEBUG 25116 --- [API-GATEWAY] [           main] o.s.c.g.r.RouteDefinitionRouteLocator    : RouteDefinition INVENTORY-SERVICE applying {_genkey_0=/inventory/**} to Path
2025-12-07T16:25:43.362+05:30 DEBUG 25116 --- [API-GATEWAY] [           main] o.s.c.g.r.RouteDefinitionRouteLocator    : RouteDefinition INVENTORY-SERVICE applying filter {} to AuthFilter
2025-12-07T16:25:43.364+05:30 DEBUG 25116 --- [API-GATEWAY] [           main] o.s.c.g.r.RouteDefinitionRouteLocator    : RouteDefinition matched: INVENTORY-SERVICE
2025-12-07T16:25:43.374+05:30  INFO 25116 --- [API-GATEWAY] [           main] c.apiGateWay.ApiGatewayApplicationTests  : Started ApiGatewayApplicationTests in 8.253 seconds (process running for 10.079)
]]></system-out>
    <system-err><![CDATA[WARNING: A Java agent has been loaded dynamically (C:\Users\biswa\.m2\repository\net\bytebuddy\byte-buddy-agent\1.14.19\byte-buddy-agent-1.14.19.jar)
WARNING: If a serviceability tool is in use, please run with -XX:+EnableDynamicAgentLoading to hide this warning
WARNING: If a serviceability tool is not in use, please run with -Djdk.instrument.traceUsage for more information
WARNING: Dynamic loading of agents will be disallowed by default in a future release
]]></system-err>
  </testcase>
</testsuite>